2016-11-15 11:31:38,424 [Worker-0] INFO  c.g.t.t.d.PublishedGradleVersions - Gradle version information cache is up-to-date. Trying to read.
2016-11-22 09:58:12,406 [Worker-3] INFO  c.g.t.t.d.PublishedGradleVersions - Gradle version information cache is out-of-date. Trying to update.
2016-11-22 11:12:51,225 [Worker-3] INFO  c.g.t.t.d.PublishedGradleVersions - Gradle version information cache is up-to-date. Trying to read.
2016-12-05 09:26:27,927 [Worker-1] INFO  c.g.t.t.d.PublishedGradleVersions - Gradle version information cache is out-of-date. Trying to update.
2016-12-05 10:10:28,001 [main] INFO  o.e.r.s.GitSnippetRepository - Failed to parse query
org.apache.lucene.queryParser.ParseException: Cannot parse '[n': Encountered "<EOF>" at line 1, column 2.
Was expecting one of:
    "TO" ...
    <RANGEIN_QUOTED> ...
    <RANGEIN_GOOP> ...
    
	at org.apache.lucene.queryParser.QueryParser.parse(QueryParser.java:211) ~[org.apache.lucene.core_3.5.0.v20120725-1805.jar:3.5.0 1204988 - simon - 2011-11-22 14:46:51]
	at org.eclipse.recommenders.snipmatch.FileSnippetRepository.searchSnippetFiles(FileSnippetRepository.java:348) [org.eclipse.recommenders.snipmatch_2.4.3.v20160913-0645.jar:na]
	at org.eclipse.recommenders.snipmatch.FileSnippetRepository.doSearch(FileSnippetRepository.java:325) [org.eclipse.recommenders.snipmatch_2.4.3.v20160913-0645.jar:na]
	at org.eclipse.recommenders.snipmatch.FileSnippetRepository.search(FileSnippetRepository.java:307) [org.eclipse.recommenders.snipmatch_2.4.3.v20160913-0645.jar:na]
	at org.eclipse.recommenders.internal.snipmatch.rcp.EclipseGitSnippetRepository.search(EclipseGitSnippetRepository.java:283) [org.eclipse.recommenders.snipmatch.rcp_2.4.3.v20160913-0645.jar:na]
	at org.eclipse.recommenders.internal.snipmatch.rcp.completion.AbstractContentAssistProcessor.computeCompletionProposals(AbstractContentAssistProcessor.java:154) [org.eclipse.recommenders.snipmatch.rcp_2.4.3.v20160913-0645.jar:na]
	at org.eclipse.jface.text.contentassist.ContentAssistant$3.run(ContentAssistant.java:1931) [org.eclipse.jface.text_3.11.1.v20160819-1517.jar:na]
	at org.eclipse.core.runtime.SafeRunner.run(SafeRunner.java:42) [org.eclipse.equinox.common_3.8.0.v20160509-1230.jar:na]
	at org.eclipse.jface.text.contentassist.ContentAssistant.computeCompletionProposals(ContentAssistant.java:1928) [org.eclipse.jface.text_3.11.1.v20160819-1517.jar:na]
	at org.eclipse.jface.text.contentassist.CompletionProposalPopup.computeProposals(CompletionProposalPopup.java:565) [org.eclipse.jface.text_3.11.1.v20160819-1517.jar:na]
	at org.eclipse.jface.text.contentassist.CompletionProposalPopup.handleRepeatedInvocation(CompletionProposalPopup.java:547) [org.eclipse.jface.text_3.11.1.v20160819-1517.jar:na]
	at org.eclipse.jface.text.contentassist.CompletionProposalPopup.incrementalComplete(CompletionProposalPopup.java:1618) [org.eclipse.jface.text_3.11.1.v20160819-1517.jar:na]
	at org.eclipse.jface.text.contentassist.ContentAssistant.showPossibleCompletions(ContentAssistant.java:1746) [org.eclipse.jface.text_3.11.1.v20160819-1517.jar:na]
	at org.eclipse.recommenders.internal.snipmatch.rcp.completion.SnipmatchCompletionEngine$6.modifyText(SnipmatchCompletionEngine.java:252) [org.eclipse.recommenders.snipmatch.rcp_2.4.3.v20160913-0645.jar:na]
	at org.eclipse.swt.widgets.TypedListener.handleEvent(TypedListener.java:180) [org.eclipse.swt.win32.win32.x86_64_3.105.1.v20160907-0248.jar:na]
	at org.eclipse.swt.widgets.EventTable.sendEvent(EventTable.java:84) [org.eclipse.swt.win32.win32.x86_64_3.105.1.v20160907-0248.jar:na]
	at org.eclipse.swt.widgets.Display.sendEvent(Display.java:4410) [org.eclipse.swt.win32.win32.x86_64_3.105.1.v20160907-0248.jar:na]
	at org.eclipse.swt.widgets.Widget.sendEvent(Widget.java:1079) [org.eclipse.swt.win32.win32.x86_64_3.105.1.v20160907-0248.jar:na]
	at org.eclipse.swt.widgets.Widget.sendEvent(Widget.java:1103) [org.eclipse.swt.win32.win32.x86_64_3.105.1.v20160907-0248.jar:na]
	at org.eclipse.swt.widgets.Widget.sendEvent(Widget.java:1088) [org.eclipse.swt.win32.win32.x86_64_3.105.1.v20160907-0248.jar:na]
	at org.eclipse.swt.widgets.Widget.notifyListeners(Widget.java:802) [org.eclipse.swt.win32.win32.x86_64_3.105.1.v20160907-0248.jar:na]
	at org.eclipse.swt.custom.StyledText.modifyContent(StyledText.java:7382) [org.eclipse.swt.win32.win32.x86_64_3.105.1.v20160907-0248.jar:na]
	at org.eclipse.swt.custom.StyledText.sendKeyEvent(StyledText.java:8225) [org.eclipse.swt.win32.win32.x86_64_3.105.1.v20160907-0248.jar:na]
	at org.eclipse.swt.custom.StyledText.doBackspace(StyledText.java:2334) [org.eclipse.swt.win32.win32.x86_64_3.105.1.v20160907-0248.jar:na]
	at org.eclipse.swt.custom.StyledText.invokeAction(StyledText.java:7164) [org.eclipse.swt.win32.win32.x86_64_3.105.1.v20160907-0248.jar:na]
	at org.eclipse.swt.custom.StyledText.handleKey(StyledText.java:6022) [org.eclipse.swt.win32.win32.x86_64_3.105.1.v20160907-0248.jar:na]
	at org.eclipse.swt.custom.StyledText.handleKeyDown(StyledText.java:6049) [org.eclipse.swt.win32.win32.x86_64_3.105.1.v20160907-0248.jar:na]
	at org.eclipse.swt.custom.StyledText$7.handleEvent(StyledText.java:5733) [org.eclipse.swt.win32.win32.x86_64_3.105.1.v20160907-0248.jar:na]
	at org.eclipse.swt.widgets.EventTable.sendEvent(EventTable.java:84) [org.eclipse.swt.win32.win32.x86_64_3.105.1.v20160907-0248.jar:na]
	at org.eclipse.swt.widgets.Display.sendEvent(Display.java:4410) [org.eclipse.swt.win32.win32.x86_64_3.105.1.v20160907-0248.jar:na]
	at org.eclipse.swt.widgets.Widget.sendEvent(Widget.java:1079) [org.eclipse.swt.win32.win32.x86_64_3.105.1.v20160907-0248.jar:na]
	at org.eclipse.swt.widgets.Widget.sendEvent(Widget.java:1103) [org.eclipse.swt.win32.win32.x86_64_3.105.1.v20160907-0248.jar:na]
	at org.eclipse.swt.widgets.Widget.sendEvent(Widget.java:1088) [org.eclipse.swt.win32.win32.x86_64_3.105.1.v20160907-0248.jar:na]
	at org.eclipse.swt.widgets.Widget.sendKeyEvent(Widget.java:1130) [org.eclipse.swt.win32.win32.x86_64_3.105.1.v20160907-0248.jar:na]
	at org.eclipse.swt.widgets.Widget.sendKeyEvent(Widget.java:1126) [org.eclipse.swt.win32.win32.x86_64_3.105.1.v20160907-0248.jar:na]
	at org.eclipse.swt.widgets.Widget.wmChar(Widget.java:1547) [org.eclipse.swt.win32.win32.x86_64_3.105.1.v20160907-0248.jar:na]
	at org.eclipse.swt.widgets.Control.WM_CHAR(Control.java:4910) [org.eclipse.swt.win32.win32.x86_64_3.105.1.v20160907-0248.jar:na]
	at org.eclipse.swt.widgets.Canvas.WM_CHAR(Canvas.java:364) [org.eclipse.swt.win32.win32.x86_64_3.105.1.v20160907-0248.jar:na]
	at org.eclipse.swt.widgets.Control.windowProc(Control.java:4791) [org.eclipse.swt.win32.win32.x86_64_3.105.1.v20160907-0248.jar:na]
	at org.eclipse.swt.widgets.Canvas.windowProc(Canvas.java:359) [org.eclipse.swt.win32.win32.x86_64_3.105.1.v20160907-0248.jar:na]
	at org.eclipse.swt.widgets.Display.windowProc(Display.java:5102) [org.eclipse.swt.win32.win32.x86_64_3.105.1.v20160907-0248.jar:na]
	at org.eclipse.swt.internal.win32.OS.DispatchMessageW(Native Method) [org.eclipse.swt.win32.win32.x86_64_3.105.1.v20160907-0248.jar:na]
	at org.eclipse.swt.internal.win32.OS.DispatchMessage(OS.java:2552) [org.eclipse.swt.win32.win32.x86_64_3.105.1.v20160907-0248.jar:na]
	at org.eclipse.swt.widgets.Display.readAndDispatch(Display.java:3814) [org.eclipse.swt.win32.win32.x86_64_3.105.1.v20160907-0248.jar:na]
	at org.eclipse.e4.ui.internal.workbench.swt.PartRenderingEngine$4.run(PartRenderingEngine.java:1121) [org.eclipse.e4.ui.workbench.swt_0.14.1.v20160829-0832.jar:na]
	at org.eclipse.core.databinding.observable.Realm.runWithDefault(Realm.java:336) [org.eclipse.core.databinding.observable_1.6.0.v20160511-1747.jar:na]
	at org.eclipse.e4.ui.internal.workbench.swt.PartRenderingEngine.run(PartRenderingEngine.java:1022) [org.eclipse.e4.ui.workbench.swt_0.14.1.v20160829-0832.jar:na]
	at org.eclipse.e4.ui.internal.workbench.E4Workbench.createAndRunUI(E4Workbench.java:150) [org.eclipse.e4.ui.workbench_1.4.0.v20160517-1624.jar:na]
	at org.eclipse.ui.internal.Workbench$5.run(Workbench.java:687) [org.eclipse.ui.workbench_3.108.1.v20160819-2118.jar:na]
	at org.eclipse.core.databinding.observable.Realm.runWithDefault(Realm.java:336) [org.eclipse.core.databinding.observable_1.6.0.v20160511-1747.jar:na]
	at org.eclipse.ui.internal.Workbench.createAndRunWorkbench(Workbench.java:604) [org.eclipse.ui.workbench_3.108.1.v20160819-2118.jar:na]
	at org.eclipse.ui.PlatformUI.createAndRunWorkbench(PlatformUI.java:148) [org.eclipse.ui.workbench_3.108.1.v20160819-2118.jar:na]
	at org.eclipse.ui.internal.ide.application.IDEApplication.start(IDEApplication.java:138) [org.eclipse.ui.ide.application_1.1.101.v20160829-0827.jar:na]
	at org.eclipse.equinox.internal.app.EclipseAppHandle.run(EclipseAppHandle.java:196) [org.eclipse.equinox.app_1.3.400.v20150715-1528.jar:na]
	at org.eclipse.core.runtime.internal.adaptor.EclipseAppLauncher.runApplication(EclipseAppLauncher.java:134) [org.eclipse.osgi_3.11.1.v20160708-1632.jar:na]
	at org.eclipse.core.runtime.internal.adaptor.EclipseAppLauncher.start(EclipseAppLauncher.java:104) [org.eclipse.osgi_3.11.1.v20160708-1632.jar:na]
	at org.eclipse.core.runtime.adaptor.EclipseStarter.run(EclipseStarter.java:388) [org.eclipse.osgi_3.11.1.v20160708-1632.jar:na]
	at org.eclipse.core.runtime.adaptor.EclipseStarter.run(EclipseStarter.java:243) [org.eclipse.osgi_3.11.1.v20160708-1632.jar:na]
	at sun.reflect.NativeMethodAccessorImpl.invoke0(Native Method) ~[na:1.8.0_111]
	at sun.reflect.NativeMethodAccessorImpl.invoke(Unknown Source) ~[na:1.8.0_111]
	at sun.reflect.DelegatingMethodAccessorImpl.invoke(Unknown Source) ~[na:1.8.0_111]
	at java.lang.reflect.Method.invoke(Unknown Source) ~[na:1.8.0_111]
	at org.eclipse.equinox.launcher.Main.invokeFramework(Main.java:673) [org.eclipse.equinox.launcher_1.3.200.v20160318-1642.jar:na]
	at org.eclipse.equinox.launcher.Main.basicRun(Main.java:610) [org.eclipse.equinox.launcher_1.3.200.v20160318-1642.jar:na]
	at org.eclipse.equinox.launcher.Main.run(Main.java:1519) [org.eclipse.equinox.launcher_1.3.200.v20160318-1642.jar:na]
Caused by: org.apache.lucene.queryParser.ParseException: Encountered "<EOF>" at line 1, column 2.
Was expecting one of:
    "TO" ...
    <RANGEIN_QUOTED> ...
    <RANGEIN_GOOP> ...
    
	at org.apache.lucene.queryParser.QueryParser.generateParseException(QueryParser.java:1818) ~[org.apache.lucene.core_3.5.0.v20120725-1805.jar:3.5.0 1204988 - simon - 2011-11-22 14:46:51]
	at org.apache.lucene.queryParser.QueryParser.jj_consume_token(QueryParser.java:1700) ~[org.apache.lucene.core_3.5.0.v20120725-1805.jar:3.5.0 1204988 - simon - 2011-11-22 14:46:51]
	at org.apache.lucene.queryParser.QueryParser.Term(QueryParser.java:1455) ~[org.apache.lucene.core_3.5.0.v20120725-1805.jar:3.5.0 1204988 - simon - 2011-11-22 14:46:51]
	at org.apache.lucene.queryParser.QueryParser.Clause(QueryParser.java:1309) ~[org.apache.lucene.core_3.5.0.v20120725-1805.jar:3.5.0 1204988 - simon - 2011-11-22 14:46:51]
	at org.apache.lucene.queryParser.QueryParser.Query(QueryParser.java:1237) ~[org.apache.lucene.core_3.5.0.v20120725-1805.jar:3.5.0 1204988 - simon - 2011-11-22 14:46:51]
	at org.apache.lucene.queryParser.QueryParser.TopLevelQuery(QueryParser.java:1226) ~[org.apache.lucene.core_3.5.0.v20120725-1805.jar:3.5.0 1204988 - simon - 2011-11-22 14:46:51]
	at org.apache.lucene.queryParser.QueryParser.parse(QueryParser.java:206) ~[org.apache.lucene.core_3.5.0.v20120725-1805.jar:3.5.0 1204988 - simon - 2011-11-22 14:46:51]
	... 64 common frames omitted
2016-12-05 10:10:28,160 [main] INFO  o.e.r.s.GitSnippetRepository - Failed to parse query
org.apache.lucene.queryParser.ParseException: Cannot parse '[': Encountered "<EOF>" at line 1, column 1.
Was expecting one of:
    <RANGEIN_QUOTED> ...
    <RANGEIN_GOOP> ...
    
	at org.apache.lucene.queryParser.QueryParser.parse(QueryParser.java:211) ~[org.apache.lucene.core_3.5.0.v20120725-1805.jar:3.5.0 1204988 - simon - 2011-11-22 14:46:51]
	at org.eclipse.recommenders.snipmatch.FileSnippetRepository.searchSnippetFiles(FileSnippetRepository.java:348) [org.eclipse.recommenders.snipmatch_2.4.3.v20160913-0645.jar:na]
	at org.eclipse.recommenders.snipmatch.FileSnippetRepository.doSearch(FileSnippetRepository.java:325) [org.eclipse.recommenders.snipmatch_2.4.3.v20160913-0645.jar:na]
	at org.eclipse.recommenders.snipmatch.FileSnippetRepository.search(FileSnippetRepository.java:307) [org.eclipse.recommenders.snipmatch_2.4.3.v20160913-0645.jar:na]
	at org.eclipse.recommenders.internal.snipmatch.rcp.EclipseGitSnippetRepository.search(EclipseGitSnippetRepository.java:283) [org.eclipse.recommenders.snipmatch.rcp_2.4.3.v20160913-0645.jar:na]
	at org.eclipse.recommenders.internal.snipmatch.rcp.completion.AbstractContentAssistProcessor.computeCompletionProposals(AbstractContentAssistProcessor.java:154) [org.eclipse.recommenders.snipmatch.rcp_2.4.3.v20160913-0645.jar:na]
	at org.eclipse.jface.text.contentassist.ContentAssistant$3.run(ContentAssistant.java:1931) [org.eclipse.jface.text_3.11.1.v20160819-1517.jar:na]
	at org.eclipse.core.runtime.SafeRunner.run(SafeRunner.java:42) [org.eclipse.equinox.common_3.8.0.v20160509-1230.jar:na]
	at org.eclipse.jface.text.contentassist.ContentAssistant.computeCompletionProposals(ContentAssistant.java:1928) [org.eclipse.jface.text_3.11.1.v20160819-1517.jar:na]
	at org.eclipse.jface.text.contentassist.CompletionProposalPopup.computeProposals(CompletionProposalPopup.java:565) [org.eclipse.jface.text_3.11.1.v20160819-1517.jar:na]
	at org.eclipse.jface.text.contentassist.CompletionProposalPopup.handleRepeatedInvocation(CompletionProposalPopup.java:547) [org.eclipse.jface.text_3.11.1.v20160819-1517.jar:na]
	at org.eclipse.jface.text.contentassist.CompletionProposalPopup.incrementalComplete(CompletionProposalPopup.java:1618) [org.eclipse.jface.text_3.11.1.v20160819-1517.jar:na]
	at org.eclipse.jface.text.contentassist.ContentAssistant.showPossibleCompletions(ContentAssistant.java:1746) [org.eclipse.jface.text_3.11.1.v20160819-1517.jar:na]
	at org.eclipse.recommenders.internal.snipmatch.rcp.completion.SnipmatchCompletionEngine$6.modifyText(SnipmatchCompletionEngine.java:252) [org.eclipse.recommenders.snipmatch.rcp_2.4.3.v20160913-0645.jar:na]
	at org.eclipse.swt.widgets.TypedListener.handleEvent(TypedListener.java:180) [org.eclipse.swt.win32.win32.x86_64_3.105.1.v20160907-0248.jar:na]
	at org.eclipse.swt.widgets.EventTable.sendEvent(EventTable.java:84) [org.eclipse.swt.win32.win32.x86_64_3.105.1.v20160907-0248.jar:na]
	at org.eclipse.swt.widgets.Display.sendEvent(Display.java:4410) [org.eclipse.swt.win32.win32.x86_64_3.105.1.v20160907-0248.jar:na]
	at org.eclipse.swt.widgets.Widget.sendEvent(Widget.java:1079) [org.eclipse.swt.win32.win32.x86_64_3.105.1.v20160907-0248.jar:na]
	at org.eclipse.swt.widgets.Widget.sendEvent(Widget.java:1103) [org.eclipse.swt.win32.win32.x86_64_3.105.1.v20160907-0248.jar:na]
	at org.eclipse.swt.widgets.Widget.sendEvent(Widget.java:1088) [org.eclipse.swt.win32.win32.x86_64_3.105.1.v20160907-0248.jar:na]
	at org.eclipse.swt.widgets.Widget.notifyListeners(Widget.java:802) [org.eclipse.swt.win32.win32.x86_64_3.105.1.v20160907-0248.jar:na]
	at org.eclipse.swt.custom.StyledText.modifyContent(StyledText.java:7382) [org.eclipse.swt.win32.win32.x86_64_3.105.1.v20160907-0248.jar:na]
	at org.eclipse.swt.custom.StyledText.sendKeyEvent(StyledText.java:8225) [org.eclipse.swt.win32.win32.x86_64_3.105.1.v20160907-0248.jar:na]
	at org.eclipse.swt.custom.StyledText.doBackspace(StyledText.java:2334) [org.eclipse.swt.win32.win32.x86_64_3.105.1.v20160907-0248.jar:na]
	at org.eclipse.swt.custom.StyledText.invokeAction(StyledText.java:7164) [org.eclipse.swt.win32.win32.x86_64_3.105.1.v20160907-0248.jar:na]
	at org.eclipse.swt.custom.StyledText.handleKey(StyledText.java:6022) [org.eclipse.swt.win32.win32.x86_64_3.105.1.v20160907-0248.jar:na]
	at org.eclipse.swt.custom.StyledText.handleKeyDown(StyledText.java:6049) [org.eclipse.swt.win32.win32.x86_64_3.105.1.v20160907-0248.jar:na]
	at org.eclipse.swt.custom.StyledText$7.handleEvent(StyledText.java:5733) [org.eclipse.swt.win32.win32.x86_64_3.105.1.v20160907-0248.jar:na]
	at org.eclipse.swt.widgets.EventTable.sendEvent(EventTable.java:84) [org.eclipse.swt.win32.win32.x86_64_3.105.1.v20160907-0248.jar:na]
	at org.eclipse.swt.widgets.Display.sendEvent(Display.java:4410) [org.eclipse.swt.win32.win32.x86_64_3.105.1.v20160907-0248.jar:na]
	at org.eclipse.swt.widgets.Widget.sendEvent(Widget.java:1079) [org.eclipse.swt.win32.win32.x86_64_3.105.1.v20160907-0248.jar:na]
	at org.eclipse.swt.widgets.Widget.sendEvent(Widget.java:1103) [org.eclipse.swt.win32.win32.x86_64_3.105.1.v20160907-0248.jar:na]
	at org.eclipse.swt.widgets.Widget.sendEvent(Widget.java:1088) [org.eclipse.swt.win32.win32.x86_64_3.105.1.v20160907-0248.jar:na]
	at org.eclipse.swt.widgets.Widget.sendKeyEvent(Widget.java:1130) [org.eclipse.swt.win32.win32.x86_64_3.105.1.v20160907-0248.jar:na]
	at org.eclipse.swt.widgets.Widget.sendKeyEvent(Widget.java:1126) [org.eclipse.swt.win32.win32.x86_64_3.105.1.v20160907-0248.jar:na]
	at org.eclipse.swt.widgets.Widget.wmChar(Widget.java:1547) [org.eclipse.swt.win32.win32.x86_64_3.105.1.v20160907-0248.jar:na]
	at org.eclipse.swt.widgets.Control.WM_CHAR(Control.java:4910) [org.eclipse.swt.win32.win32.x86_64_3.105.1.v20160907-0248.jar:na]
	at org.eclipse.swt.widgets.Canvas.WM_CHAR(Canvas.java:364) [org.eclipse.swt.win32.win32.x86_64_3.105.1.v20160907-0248.jar:na]
	at org.eclipse.swt.widgets.Control.windowProc(Control.java:4791) [org.eclipse.swt.win32.win32.x86_64_3.105.1.v20160907-0248.jar:na]
	at org.eclipse.swt.widgets.Canvas.windowProc(Canvas.java:359) [org.eclipse.swt.win32.win32.x86_64_3.105.1.v20160907-0248.jar:na]
	at org.eclipse.swt.widgets.Display.windowProc(Display.java:5102) [org.eclipse.swt.win32.win32.x86_64_3.105.1.v20160907-0248.jar:na]
	at org.eclipse.swt.internal.win32.OS.DispatchMessageW(Native Method) [org.eclipse.swt.win32.win32.x86_64_3.105.1.v20160907-0248.jar:na]
	at org.eclipse.swt.internal.win32.OS.DispatchMessage(OS.java:2552) [org.eclipse.swt.win32.win32.x86_64_3.105.1.v20160907-0248.jar:na]
	at org.eclipse.swt.widgets.Display.readAndDispatch(Display.java:3814) [org.eclipse.swt.win32.win32.x86_64_3.105.1.v20160907-0248.jar:na]
	at org.eclipse.e4.ui.internal.workbench.swt.PartRenderingEngine$4.run(PartRenderingEngine.java:1121) [org.eclipse.e4.ui.workbench.swt_0.14.1.v20160829-0832.jar:na]
	at org.eclipse.core.databinding.observable.Realm.runWithDefault(Realm.java:336) [org.eclipse.core.databinding.observable_1.6.0.v20160511-1747.jar:na]
	at org.eclipse.e4.ui.internal.workbench.swt.PartRenderingEngine.run(PartRenderingEngine.java:1022) [org.eclipse.e4.ui.workbench.swt_0.14.1.v20160829-0832.jar:na]
	at org.eclipse.e4.ui.internal.workbench.E4Workbench.createAndRunUI(E4Workbench.java:150) [org.eclipse.e4.ui.workbench_1.4.0.v20160517-1624.jar:na]
	at org.eclipse.ui.internal.Workbench$5.run(Workbench.java:687) [org.eclipse.ui.workbench_3.108.1.v20160819-2118.jar:na]
	at org.eclipse.core.databinding.observable.Realm.runWithDefault(Realm.java:336) [org.eclipse.core.databinding.observable_1.6.0.v20160511-1747.jar:na]
	at org.eclipse.ui.internal.Workbench.createAndRunWorkbench(Workbench.java:604) [org.eclipse.ui.workbench_3.108.1.v20160819-2118.jar:na]
	at org.eclipse.ui.PlatformUI.createAndRunWorkbench(PlatformUI.java:148) [org.eclipse.ui.workbench_3.108.1.v20160819-2118.jar:na]
	at org.eclipse.ui.internal.ide.application.IDEApplication.start(IDEApplication.java:138) [org.eclipse.ui.ide.application_1.1.101.v20160829-0827.jar:na]
	at org.eclipse.equinox.internal.app.EclipseAppHandle.run(EclipseAppHandle.java:196) [org.eclipse.equinox.app_1.3.400.v20150715-1528.jar:na]
	at org.eclipse.core.runtime.internal.adaptor.EclipseAppLauncher.runApplication(EclipseAppLauncher.java:134) [org.eclipse.osgi_3.11.1.v20160708-1632.jar:na]
	at org.eclipse.core.runtime.internal.adaptor.EclipseAppLauncher.start(EclipseAppLauncher.java:104) [org.eclipse.osgi_3.11.1.v20160708-1632.jar:na]
	at org.eclipse.core.runtime.adaptor.EclipseStarter.run(EclipseStarter.java:388) [org.eclipse.osgi_3.11.1.v20160708-1632.jar:na]
	at org.eclipse.core.runtime.adaptor.EclipseStarter.run(EclipseStarter.java:243) [org.eclipse.osgi_3.11.1.v20160708-1632.jar:na]
	at sun.reflect.NativeMethodAccessorImpl.invoke0(Native Method) ~[na:1.8.0_111]
	at sun.reflect.NativeMethodAccessorImpl.invoke(Unknown Source) ~[na:1.8.0_111]
	at sun.reflect.DelegatingMethodAccessorImpl.invoke(Unknown Source) ~[na:1.8.0_111]
	at java.lang.reflect.Method.invoke(Unknown Source) ~[na:1.8.0_111]
	at org.eclipse.equinox.launcher.Main.invokeFramework(Main.java:673) [org.eclipse.equinox.launcher_1.3.200.v20160318-1642.jar:na]
	at org.eclipse.equinox.launcher.Main.basicRun(Main.java:610) [org.eclipse.equinox.launcher_1.3.200.v20160318-1642.jar:na]
	at org.eclipse.equinox.launcher.Main.run(Main.java:1519) [org.eclipse.equinox.launcher_1.3.200.v20160318-1642.jar:na]
Caused by: org.apache.lucene.queryParser.ParseException: Encountered "<EOF>" at line 1, column 1.
Was expecting one of:
    <RANGEIN_QUOTED> ...
    <RANGEIN_GOOP> ...
    
	at org.apache.lucene.queryParser.QueryParser.generateParseException(QueryParser.java:1818) ~[org.apache.lucene.core_3.5.0.v20120725-1805.jar:3.5.0 1204988 - simon - 2011-11-22 14:46:51]
	at org.apache.lucene.queryParser.QueryParser.jj_consume_token(QueryParser.java:1700) ~[org.apache.lucene.core_3.5.0.v20120725-1805.jar:3.5.0 1204988 - simon - 2011-11-22 14:46:51]
	at org.apache.lucene.queryParser.QueryParser.Term(QueryParser.java:1435) ~[org.apache.lucene.core_3.5.0.v20120725-1805.jar:3.5.0 1204988 - simon - 2011-11-22 14:46:51]
	at org.apache.lucene.queryParser.QueryParser.Clause(QueryParser.java:1309) ~[org.apache.lucene.core_3.5.0.v20120725-1805.jar:3.5.0 1204988 - simon - 2011-11-22 14:46:51]
	at org.apache.lucene.queryParser.QueryParser.Query(QueryParser.java:1237) ~[org.apache.lucene.core_3.5.0.v20120725-1805.jar:3.5.0 1204988 - simon - 2011-11-22 14:46:51]
	at org.apache.lucene.queryParser.QueryParser.TopLevelQuery(QueryParser.java:1226) ~[org.apache.lucene.core_3.5.0.v20120725-1805.jar:3.5.0 1204988 - simon - 2011-11-22 14:46:51]
	at org.apache.lucene.queryParser.QueryParser.parse(QueryParser.java:206) ~[org.apache.lucene.core_3.5.0.v20120725-1805.jar:3.5.0 1204988 - simon - 2011-11-22 14:46:51]
	... 64 common frames omitted
2016-12-06 10:59:38,192 [Worker-2] INFO  c.g.t.t.d.PublishedGradleVersions - Gradle version information cache is out-of-date. Trying to update.
